🛡️ OpenClaw Guardian - System Protection
======================================

🚀 Starting OpenClaw Guardian...

1️⃣ Starting all processes...

   🚀 Starting openclaw-gateway...
   ❌ Failed to start openclaw-gateway
   🚀 Starting guardian-ai...
   ❌ Failed to start guardian-ai
   🚀 Starting up-platform...
   ❌ Failed to start up-platform
   🚀 Starting memory-monitor...
   ❌ Failed to start memory-monitor
✅ Guardian is running!

⚠️  openclaw-gateway stopped! Restarting...
   🚀 Starting openclaw-gateway...
   ❌ Failed to start openclaw-gateway
⚠️  guardian-ai stopped! Restarting...
   🚀 Starting guardian-ai...
   ❌ Failed to start guardian-ai
⚠️  up-platform stopped! Restarting...
   🚀 Starting up-platform...
   ❌ Failed to start up-platform
⚠️  memory-monitor stopped! Restarting...
   🚀 Starting memory-monitor...
   ❌ Failed to start memory-monitor
⚠️  openclaw-gateway stopped! Restarting...
   🚀 Starting openclaw-gateway...
   ❌ Failed to start openclaw-gateway
⚠️  guardian-ai stopped! Restarting...
   🚀 Starting guardian-ai...
   ❌ Failed to start guardian-ai
⚠️  up-platform stopped! Restarting...
   🚀 Starting up-platform...
   ❌ Failed to start up-platform
⚠️  memory-monitor stopped! Restarting...
   🚀 Starting memory-monitor...
   ❌ Failed to start memory-monitor
⚠️  openclaw-gateway stopped! Restarting...
   🚀 Starting openclaw-gateway...
   ❌ Failed to start openclaw-gateway
⚠️  guardian-ai stopped! Restarting...
   🚀 Starting guardian-ai...
   ❌ Failed to start guardian-ai
⚠️  up-platform stopped! Restarting...
   🚀 Starting up-platform...
   ❌ Failed to start up-platform
⚠️  memory-monitor stopped! Restarting...
   🚀 Starting memory-monitor...
   ❌ Failed to start memory-monitor
⚠️  openclaw-gateway stopped! Restarting...
   🚀 Starting openclaw-gateway...
   ❌ Failed to start openclaw-gateway
⚠️  guardian-ai stopped! Restarting...
   🚀 Starting guardian-ai...
   ❌ Failed to start guardian-ai
⚠️  up-platform stopped! Restarting...
   🚀 Starting up-platform...
   ❌ Failed to start up-platform
⚠️  memory-monitor stopped! Restarting...
   🚀 Starting memory-monitor...
   ❌ Failed to start memory-monitor
⚠️  openclaw-gateway stopped! Restarting...
   🚀 Starting openclaw-gateway...
   ❌ Failed to start openclaw-gateway
⚠️  guardian-ai stopped! Restarting...
   🚀 Starting guardian-ai...
   ❌ Failed to start guardian-ai
⚠️  up-platform stopped! Restarting...
   🚀 Starting up-platform...
   ❌ Failed to start up-platform
⚠️  memory-monitor stopped! Restarting...
   🚀 Starting memory-monitor...
   ❌ Failed to start memory-monitor
⚠️  openclaw-gateway stopped! Restarting...
   🚀 Starting openclaw-gateway...
   ❌ Failed to start openclaw-gateway
⚠️  guardian-ai stopped! Restarting...
   🚀 Starting guardian-ai...
   ❌ Failed to start guardian-ai
⚠️  up-platform stopped! Restarting...
   🚀 Starting up-platform...
   ❌ Failed to start up-platform
⚠️  memory-monitor stopped! Restarting...
   🚀 Starting memory-monitor...
   ❌ Failed to start memory-monitor
⚠️  openclaw-gateway stopped! Restarting...
   🚀 Starting openclaw-gateway...
   ❌ Failed to start openclaw-gateway
⚠️  guardian-ai stopped! Restarting...
   🚀 Starting guardian-ai...
   ❌ Failed to start guardian-ai
⚠️  up-platform stopped! Restarting...
   🚀 Starting up-platform...
   ❌ Failed to start up-platform
⚠️  memory-monitor stopped! Restarting...
   🚀 Starting memory-monitor...
   ❌ Failed to start memory-monitor
⚠️  openclaw-gateway stopped! Restarting...
   🚀 Starting openclaw-gateway...
   ❌ Failed to start openclaw-gateway
⚠️  guardian-ai stopped! Restarting...
   🚀 Starting guardian-ai...
   ❌ Failed to start guardian-ai
⚠️  up-platform stopped! Restarting...
   🚀 Starting up-platform...
   ❌ Failed to start up-platform
⚠️  memory-monitor stopped! Restarting...
   🚀 Starting memory-monitor...
   ❌ Failed to start memory-monitor
⚠️  openclaw-gateway stopped! Restarting...
   🚀 Starting openclaw-gateway...
   ❌ Failed to start openclaw-gateway
⚠️  guardian-ai stopped! Restarting...
   🚀 Starting guardian-ai...
   ❌ Failed to start guardian-ai
⚠️  up-platform stopped! Restarting...
   🚀 Starting up-platform...
   ❌ Failed to start up-platform
⚠️  memory-monitor stopped! Restarting...
   🚀 Starting memory-monitor...
   ❌ Failed to start memory-monitor
⚠️  openclaw-gateway stopped! Restarting...
   🚀 Starting openclaw-gateway...
   ❌ Failed to start openclaw-gateway
⚠️  guardian-ai stopped! Restarting...
   🚀 Starting guardian-ai...
   ❌ Failed to start guardian-ai
⚠️  up-platform stopped! Restarting...
   🚀 Starting up-platform...
   ❌ Failed to start up-platform
⚠️  memory-monitor stopped! Restarting...
   🚀 Starting memory-monitor...
   ❌ Failed to start memory-monitor
⚠️  openclaw-gateway stopped! Restarting...
   🚀 Starting openclaw-gateway...
   ❌ Failed to start openclaw-gateway
⚠️  guardian-ai stopped! Restarting...
   🚀 Starting guardian-ai...
   ❌ Failed to start guardian-ai
⚠️  up-platform stopped! Restarting...
   🚀 Starting up-platform...
   ❌ Failed to start up-platform
⚠️  memory-monitor stopped! Restarting...
   🚀 Starting memory-monitor...
   ❌ Failed to start memory-monitor
⚠️  openclaw-gateway stopped! Restarting...
   🚀 Starting openclaw-gateway...
   ❌ Failed to start openclaw-gateway
⚠️  guardian-ai stopped! Restarting...
   🚀 Starting guardian-ai...
   ❌ Failed to start guardian-ai
⚠️  up-platform stopped! Restarting...
   🚀 Starting up-platform...
   ❌ Failed to start up-platform
⚠️  memory-monitor stopped! Restarting...
   🚀 Starting memory-monitor...
   ❌ Failed to start memory-monitor
⚠️  openclaw-gateway stopped! Restarting...
   🚀 Starting openclaw-gateway...
   ❌ Failed to start openclaw-gateway
⚠️  guardian-ai stopped! Restarting...
   🚀 Starting guardian-ai...
   ❌ Failed to start guardian-ai
⚠️  up-platform stopped! Restarting...
   🚀 Starting up-platform...
   ❌ Failed to start up-platform
⚠️  memory-monitor stopped! Restarting...
   🚀 Starting memory-monitor...
   ❌ Failed to start memory-monitor
⚠️  openclaw-gateway stopped! Restarting...
   🚀 Starting openclaw-gateway...
   ❌ Failed to start openclaw-gateway
⚠️  guardian-ai stopped! Restarting...
   🚀 Starting guardian-ai...
   ❌ Failed to start guardian-ai
⚠️  up-platform stopped! Restarting...
   🚀 Starting up-platform...
   ❌ Failed to start up-platform
⚠️  memory-monitor stopped! Restarting...
   🚀 Starting memory-monitor...
   ❌ Failed to start memory-monitor
⚠️  openclaw-gateway stopped! Restarting...
   🚀 Starting openclaw-gateway...
   ❌ Failed to start openclaw-gateway
⚠️  guardian-ai stopped! Restarting...
   🚀 Starting guardian-ai...
   ❌ Failed to start guardian-ai
⚠️  up-platform stopped! Restarting...
   🚀 Starting up-platform...
   ❌ Failed to start up-platform
⚠️  memory-monitor stopped! Restarting...
   🚀 Starting memory-monitor...
   ❌ Failed to start memory-monitor
⚠️  openclaw-gateway stopped! Restarting...
   🚀 Starting openclaw-gateway...
   ❌ Failed to start openclaw-gateway
⚠️  guardian-ai stopped! Restarting...
   🚀 Starting guardian-ai...
   ❌ Failed to start guardian-ai
⚠️  up-platform stopped! Restarting...
   🚀 Starting up-platform...
   ❌ Failed to start up-platform
⚠️  memory-monitor stopped! Restarting...
   🚀 Starting memory-monitor...
   ❌ Failed to start memory-monitor
⚠️  openclaw-gateway stopped! Restarting...
   🚀 Starting openclaw-gateway...
   ❌ Failed to start openclaw-gateway
⚠️  guardian-ai stopped! Restarting...
   🚀 Starting guardian-ai...
   ❌ Failed to start guardian-ai
⚠️  up-platform stopped! Restarting...
   🚀 Starting up-platform...
   ❌ Failed to start up-platform
⚠️  memory-monitor stopped! Restarting...
   🚀 Starting memory-monitor...
   ❌ Failed to start memory-monitor
