🛡️ Guardian-AI Complete Profit System
=====================================

🚀 Starting Guardian-AI...

1️⃣ Initializing database...
   📂 Loaded existing database: /root/.openclaw/workspace/guardian-ai/data/guardian.db
2️⃣ Loading existing data...
   👥 Loaded 0 users
   💰 Current revenue: $0.00
3️⃣ Starting revenue cron jobs...
   ⏰ Cron jobs scheduled
4️⃣ Starting session persistence...
   💾 Session persistence active
5️⃣ Starting opportunity detection...
   🔍 Opportunity detection active
6️⃣ Starting memory system...
   🧠 Memory system active

✅ Guardian-AI is running!

📊 GUARDIAN-AI STATUS
=====================

🕐 Uptime: Running
💰 Total Revenue: $0.00
👥 Total Users: 0
💳 Transactions: 0
🎯 Opportunities Found: 0
📁 Data Directory: /root/.openclaw/workspace/guardian-ai/data
💾 Memory: Active

✅ System is generating profit automatically!


🔍 Scanning for opportunities...
   🎯 Found opportunity: data_product - $1500 on GitHub
   📊 Potential revenue from opportunities: $1500.00

💰 Revenue Cycle Complete:
   Cycle Revenue: $517.28
   Total Revenue: $517.28
   Transactions: 9

👥 User Acquisition: +26 new users
   Total users: 26

🔍 Scanning for opportunities...
   🎯 Found opportunity: bug_bounty - $5000 on HackerOne
   📊 Potential revenue from opportunities: $5000.00

💰 Revenue Cycle Complete:
   Cycle Revenue: $701.23
   Total Revenue: $1218.51
   Transactions: 9

💰 Revenue Cycle Complete:
   Cycle Revenue: $801.17
   Total Revenue: $2019.68
   Transactions: 12

👥 User Acquisition: +27 new users
   Total users: 53

🔍 Scanning for opportunities...
   🎯 Found opportunity: bug_bounty - $5000 on HackerOne
   🎯 Found opportunity: data_product - $1500 on GitHub
   📊 Potential revenue from opportunities: $6500.00

💰 Revenue Cycle Complete:
   Cycle Revenue: $568.94
   Total Revenue: $2588.62
   Transactions: 10

💰 Revenue Cycle Complete:
   Cycle Revenue: $723.26
   Total Revenue: $3311.88
   Transactions: 10
