🏢 Unified Profit Platform - Complete System
=========================================

🚀 Starting Unified Profit Platform...

1️⃣ Loading skills...
   ✅ Loaded skill: agentmem
   ✅ Loaded skill: browsecraft
   ✅ Loaded skill: client-tracker
   ✅ Loaded skill: crawl4ai-skill
   ✅ Loaded skill: ecommerce-ad-copy-generator-free
   ✅ Loaded skill: free-resource
   ✅ Loaded skill: free-search-aggregator
   ✅ Loaded skill: freelance-automation-gig
   ✅ Loaded skill: invoice-template
   ✅ Loaded skill: super-brain
   ✅ Loaded skill: trading-card-specialist
   ✅ Loaded skill: web-search-free
   ✅ Loaded skill: zixun
   📦 Total skills loaded: 13
2️⃣ Initializing revenue system...
3️⃣ Setting up wallet...
4️⃣ Starting automation scheduler...
   ⏰ Automation scheduler active
5️⃣ Starting dashboard...

✨ Platform started successfully!
================================


📊 PLATFORM STATUS
=================

🕐 Uptime: Running
💰 Wallet Balance: $0.00
📦 Skills Active: 13
💳 Transactions: 0
⏰ Jobs Scheduled: 2
🌐 Dashboard: http://localhost:8
🛑 Stopping Unified Profit Platform...
✅ Platform stopped
ashboard running at http://localhost:8080

🛑 Stopping Unified Profit Platform...
✅ Platform stopped
