[2026-03-10T20:57:45.790Z] FAILED: openclaw-gateway failed to start
[2026-03-10T20:57:47.820Z] FAILED: guardian-ai failed to start
[2026-03-10T20:57:49.842Z] FAILED: up-platform failed to start
[2026-03-10T20:57:51.873Z] FAILED: memory-monitor failed to start
[2026-03-10T20:58:21.877Z] RESTART: openclaw-gateway (was PID: null)
[2026-03-10T20:58:23.908Z] FAILED: openclaw-gateway failed to start
[2026-03-10T20:58:23.909Z] RESTART: guardian-ai (was PID: null)
[2026-03-10T20:58:25.941Z] FAILED: guardian-ai failed to start
[2026-03-10T20:58:25.944Z] RESTART: up-platform (was PID: null)
[2026-03-10T20:58:28.079Z] FAILED: up-platform failed to start
[2026-03-10T20:58:28.081Z] RESTART: memory-monitor (was PID: null)
[2026-03-10T20:58:30.101Z] FAILED: memory-monitor failed to start
[2026-03-10T20:58:51.880Z] RESTART: openclaw-gateway (was PID: null)
[2026-03-10T20:58:53.916Z] FAILED: openclaw-gateway failed to start
[2026-03-10T20:58:53.918Z] RESTART: guardian-ai (was PID: null)
[2026-03-10T20:58:55.940Z] FAILED: guardian-ai failed to start
[2026-03-10T20:58:55.943Z] RESTART: up-platform (was PID: null)
[2026-03-10T20:58:57.980Z] FAILED: up-platform failed to start
[2026-03-10T20:58:57.981Z] RESTART: memory-monitor (was PID: null)
[2026-03-10T20:59:00.003Z] FAILED: memory-monitor failed to start
[2026-03-10T20:59:21.884Z] RESTART: openclaw-gateway (was PID: null)
[2026-03-10T20:59:23.913Z] FAILED: openclaw-gateway failed to start
[2026-03-10T20:59:23.914Z] RESTART: guardian-ai (was PID: null)
[2026-03-10T20:59:25.931Z] FAILED: guardian-ai failed to start
[2026-03-10T20:59:25.933Z] RESTART: up-platform (was PID: null)
[2026-03-10T20:59:27.945Z] FAILED: up-platform failed to start
[2026-03-10T20:59:27.949Z] RESTART: memory-monitor (was PID: null)
[2026-03-10T20:59:29.980Z] FAILED: memory-monitor failed to start
[2026-03-10T20:59:51.888Z] RESTART: openclaw-gateway (was PID: null)
[2026-03-10T20:59:53.913Z] FAILED: openclaw-gateway failed to start
[2026-03-10T20:59:53.915Z] RESTART: guardian-ai (was PID: null)
[2026-03-10T20:59:55.939Z] FAILED: guardian-ai failed to start
[2026-03-10T20:59:55.941Z] RESTART: up-platform (was PID: null)
[2026-03-10T20:59:57.972Z] FAILED: up-platform failed to start
[2026-03-10T20:59:57.973Z] RESTART: memory-monitor (was PID: null)
[2026-03-10T20:59:59.997Z] FAILED: memory-monitor failed to start
[2026-03-10T21:00:21.890Z] RESTART: openclaw-gateway (was PID: null)
[2026-03-10T21:00:23.905Z] FAILED: openclaw-gateway failed to start
[2026-03-10T21:00:23.905Z] RESTART: guardian-ai (was PID: null)
[2026-03-10T21:00:25.916Z] FAILED: guardian-ai failed to start
[2026-03-10T21:00:25.917Z] RESTART: up-platform (was PID: null)
[2026-03-10T21:00:27.930Z] FAILED: up-platform failed to start
[2026-03-10T21:00:27.935Z] RESTART: memory-monitor (was PID: null)
[2026-03-10T21:00:29.948Z] FAILED: memory-monitor failed to start
[2026-03-10T21:00:51.892Z] RESTART: openclaw-gateway (was PID: null)
[2026-03-10T21:00:53.907Z] FAILED: openclaw-gateway failed to start
[2026-03-10T21:00:53.907Z] RESTART: guardian-ai (was PID: null)
[2026-03-10T21:00:55.919Z] FAILED: guardian-ai failed to start
[2026-03-10T21:00:55.920Z] RESTART: up-platform (was PID: null)
[2026-03-10T21:00:57.928Z] FAILED: up-platform failed to start
[2026-03-10T21:00:57.928Z] RESTART: memory-monitor (was PID: null)
[2026-03-10T21:00:59.936Z] FAILED: memory-monitor failed to start
[2026-03-10T21:01:21.893Z] RESTART: openclaw-gateway (was PID: null)
[2026-03-10T21:01:23.916Z] FAILED: openclaw-gateway failed to start
[2026-03-10T21:01:23.917Z] RESTART: guardian-ai (was PID: null)
[2026-03-10T21:01:25.933Z] FAILED: guardian-ai failed to start
[2026-03-10T21:01:25.933Z] RESTART: up-platform (was PID: null)
[2026-03-10T21:01:27.949Z] FAILED: up-platform failed to start
[2026-03-10T21:01:27.950Z] RESTART: memory-monitor (was PID: null)
[2026-03-10T21:01:29.963Z] FAILED: memory-monitor failed to start
[2026-03-10T21:01:51.896Z] RESTART: openclaw-gateway (was PID: null)
[2026-03-10T21:01:53.925Z] FAILED: openclaw-gateway failed to start
[2026-03-10T21:01:53.926Z] RESTART: guardian-ai (was PID: null)
[2026-03-10T21:01:55.946Z] FAILED: guardian-ai failed to start
[2026-03-10T21:01:55.947Z] RESTART: up-platform (was PID: null)
[2026-03-10T21:01:57.984Z] FAILED: up-platform failed to start
[2026-03-10T21:01:57.985Z] RESTART: memory-monitor (was PID: null)
[2026-03-10T21:01:59.996Z] FAILED: memory-monitor failed to start
[2026-03-10T21:02:21.900Z] RESTART: openclaw-gateway (was PID: null)
[2026-03-10T21:02:23.917Z] FAILED: openclaw-gateway failed to start
[2026-03-10T21:02:23.917Z] RESTART: guardian-ai (was PID: null)
[2026-03-10T21:02:25.928Z] FAILED: guardian-ai failed to start
[2026-03-10T21:02:25.929Z] RESTART: up-platform (was PID: null)
[2026-03-10T21:02:27.940Z] FAILED: up-platform failed to start
[2026-03-10T21:02:27.941Z] RESTART: memory-monitor (was PID: null)
[2026-03-10T21:02:29.956Z] FAILED: memory-monitor failed to start
[2026-03-10T21:02:51.904Z] RESTART: openclaw-gateway (was PID: null)
[2026-03-10T21:02:53.917Z] FAILED: openclaw-gateway failed to start
[2026-03-10T21:02:53.918Z] RESTART: guardian-ai (was PID: null)
[2026-03-10T21:02:55.936Z] FAILED: guardian-ai failed to start
[2026-03-10T21:02:55.937Z] RESTART: up-platform (was PID: null)
[2026-03-10T21:02:57.947Z] FAILED: up-platform failed to start
[2026-03-10T21:02:57.947Z] RESTART: memory-monitor (was PID: null)
[2026-03-10T21:02:59.955Z] FAILED: memory-monitor failed to start
[2026-03-10T21:03:21.908Z] RESTART: openclaw-gateway (was PID: null)
[2026-03-10T21:03:23.933Z] FAILED: openclaw-gateway failed to start
[2026-03-10T21:03:23.934Z] RESTART: guardian-ai (was PID: null)
[2026-03-10T21:03:25.948Z] FAILED: guardian-ai failed to start
[2026-03-10T21:03:25.948Z] RESTART: up-platform (was PID: null)
[2026-03-10T21:03:27.967Z] FAILED: up-platform failed to start
[2026-03-10T21:03:27.968Z] RESTART: memory-monitor (was PID: null)
[2026-03-10T21:03:29.980Z] FAILED: memory-monitor failed to start
[2026-03-10T21:03:51.917Z] RESTART: openclaw-gateway (was PID: null)
[2026-03-10T21:03:53.944Z] FAILED: openclaw-gateway failed to start
[2026-03-10T21:03:53.945Z] RESTART: guardian-ai (was PID: null)
[2026-03-10T21:03:55.961Z] FAILED: guardian-ai failed to start
[2026-03-10T21:03:55.962Z] RESTART: up-platform (was PID: null)
[2026-03-10T21:03:57.980Z] FAILED: up-platform failed to start
[2026-03-10T21:03:57.981Z] RESTART: memory-monitor (was PID: null)
[2026-03-10T21:03:59.996Z] FAILED: memory-monitor failed to start
[2026-03-10T21:04:21.920Z] RESTART: openclaw-gateway (was PID: null)
[2026-03-10T21:04:23.947Z] FAILED: openclaw-gateway failed to start
[2026-03-10T21:04:23.948Z] RESTART: guardian-ai (was PID: null)
[2026-03-10T21:04:25.960Z] FAILED: guardian-ai failed to start
[2026-03-10T21:04:25.961Z] RESTART: up-platform (was PID: null)
[2026-03-10T21:04:27.971Z] FAILED: up-platform failed to start
[2026-03-10T21:04:27.971Z] RESTART: memory-monitor (was PID: null)
[2026-03-10T21:04:29.981Z] FAILED: memory-monitor failed to start
[2026-03-10T21:04:51.921Z] RESTART: openclaw-gateway (was PID: null)
[2026-03-10T21:04:53.945Z] FAILED: openclaw-gateway failed to start
[2026-03-10T21:04:53.946Z] RESTART: guardian-ai (was PID: null)
[2026-03-10T21:04:55.959Z] FAILED: guardian-ai failed to start
[2026-03-10T21:04:55.960Z] RESTART: up-platform (was PID: null)
[2026-03-10T21:04:57.976Z] FAILED: up-platform failed to start
[2026-03-10T21:04:57.977Z] RESTART: memory-monitor (was PID: null)
[2026-03-10T21:04:59.994Z] FAILED: memory-monitor failed to start
[2026-03-10T21:05:21.924Z] RESTART: openclaw-gateway (was PID: null)
[2026-03-10T21:05:23.942Z] FAILED: openclaw-gateway failed to start
[2026-03-10T21:05:23.943Z] RESTART: guardian-ai (was PID: null)
[2026-03-10T21:05:25.952Z] FAILED: guardian-ai failed to start
[2026-03-10T21:05:25.952Z] RESTART: up-platform (was PID: null)
[2026-03-10T21:05:27.964Z] FAILED: up-platform failed to start
[2026-03-10T21:05:27.964Z] RESTART: memory-monitor (was PID: null)
[2026-03-10T21:05:29.974Z] FAILED: memory-monitor failed to start
[2026-03-10T21:05:51.924Z] RESTART: openclaw-gateway (was PID: null)
[2026-03-10T21:05:53.944Z] FAILED: openclaw-gateway failed to start
[2026-03-10T21:05:53.945Z] RESTART: guardian-ai (was PID: null)
[2026-03-10T21:05:55.955Z] FAILED: guardian-ai failed to start
[2026-03-10T21:05:55.955Z] RESTART: up-platform (was PID: null)
[2026-03-10T21:05:57.965Z] FAILED: up-platform failed to start
[2026-03-10T21:05:57.965Z] RESTART: memory-monitor (was PID: null)
[2026-03-10T21:05:59.974Z] FAILED: memory-monitor failed to start
[2026-03-10T21:06:21.934Z] RESTART: openclaw-gateway (was PID: null)
[2026-03-10T21:06:23.960Z] FAILED: openclaw-gateway failed to start
[2026-03-10T21:06:23.961Z] RESTART: guardian-ai (was PID: null)
[2026-03-10T21:06:25.971Z] FAILED: guardian-ai failed to start
[2026-03-10T21:06:25.971Z] RESTART: up-platform (was PID: null)
[2026-03-10T21:06:27.978Z] FAILED: up-platform failed to start
[2026-03-10T21:06:27.979Z] RESTART: memory-monitor (was PID: null)
[2026-03-10T21:06:29.986Z] FAILED: memory-monitor failed to start
[2026-03-10T23:28:31.687Z] FAILED: openclaw-gateway failed to start
[2026-03-10T23:28:33.701Z] FAILED: guardian-ai failed to start
[2026-03-10T23:28:33.903Z] FAILED: openclaw-gateway failed to start
[2026-03-10T23:28:35.713Z] FAILED: up-platform failed to start
[2026-03-10T23:28:35.919Z] FAILED: guardian-ai failed to start
[2026-03-10T23:28:36.084Z] FAILED: openclaw-gateway failed to start
[2026-03-10T23:28:37.728Z] FAILED: memory-monitor failed to start
[2026-03-10T23:28:37.939Z] FAILED: up-platform failed to start
[2026-03-10T23:28:38.102Z] FAILED: guardian-ai failed to start
[2026-03-10T23:28:38.293Z] FAILED: openclaw-gateway failed to start
[2026-03-10T23:28:39.959Z] FAILED: memory-monitor failed to start
[2026-03-10T23:28:40.121Z] FAILED: up-platform failed to start
[2026-03-10T23:28:40.310Z] FAILED: guardian-ai failed to start
[2026-03-10T23:28:40.504Z] FAILED: openclaw-gateway failed to start
[2026-03-10T23:28:42.138Z] FAILED: memory-monitor failed to start
[2026-03-10T23:28:42.330Z] FAILED: up-platform failed to start
[2026-03-10T23:28:42.523Z] FAILED: guardian-ai failed to start
[2026-03-10T23:28:42.716Z] FAILED: openclaw-gateway failed to start
[2026-03-10T23:28:44.348Z] FAILED: memory-monitor failed to start
[2026-03-10T23:28:44.542Z] FAILED: up-platform failed to start
[2026-03-10T23:32:16.032Z] FAILED: openclaw-gateway failed to start
[2026-03-10T23:32:18.045Z] FAILED: guardian-ai failed to start
[2026-03-10T23:32:18.192Z] FAILED: openclaw-gateway failed to start
[2026-03-10T23:32:20.057Z] FAILED: up-platform failed to start
[2026-03-10T23:32:20.210Z] FAILED: guardian-ai failed to start
[2026-03-10T23:32:20.385Z] FAILED: openclaw-gateway failed to start
[2026-03-10T23:32:22.068Z] FAILED: memory-monitor failed to start
[2026-03-10T23:32:22.228Z] FAILED: up-platform failed to start
[2026-03-10T23:32:22.401Z] FAILED: guardian-ai failed to start
[2026-03-10T23:32:22.633Z] FAILED: openclaw-gateway failed to start
[2026-03-10T23:32:24.239Z] FAILED: memory-monitor failed to start
[2026-03-10T23:32:24.412Z] FAILED: up-platform failed to start
[2026-03-10T23:32:24.647Z] FAILED: guardian-ai failed to start
[2026-03-10T23:32:24.821Z] FAILED: openclaw-gateway failed to start
[2026-03-10T23:32:26.424Z] FAILED: memory-monitor failed to start
[2026-03-10T23:32:26.668Z] FAILED: up-platform failed to start
[2026-03-10T23:32:26.850Z] FAILED: guardian-ai failed to start
[2026-03-10T23:32:27.049Z] FAILED: openclaw-gateway failed to start
[2026-03-10T23:32:28.689Z] FAILED: memory-monitor failed to start
[2026-03-10T23:32:28.860Z] FAILED: up-platform failed to start
[2026-03-10T23:32:29.076Z] FAILED: guardian-ai failed to start
[2026-03-10T23:32:29.284Z] FAILED: openclaw-gateway failed to start
[2026-03-10T23:32:30.876Z] FAILED: memory-monitor failed to start
[2026-03-10T23:32:31.092Z] FAILED: up-platform failed to start
[2026-03-10T23:32:31.296Z] FAILED: guardian-ai failed to start
[2026-03-10T23:32:31.480Z] FAILED: openclaw-gateway failed to start
[2026-03-10T23:32:33.126Z] FAILED: memory-monitor failed to start
[2026-03-10T23:32:33.313Z] FAILED: up-platform failed to start
[2026-03-10T23:32:33.494Z] FAILED: guardian-ai failed to start
[2026-03-10T23:32:33.837Z] FAILED: openclaw-gateway failed to start
[2026-03-10T23:32:35.331Z] FAILED: memory-monitor failed to start
[2026-03-10T23:32:35.512Z] FAILED: up-platform failed to start
[2026-03-10T23:32:35.847Z] FAILED: guardian-ai failed to start
[2026-03-10T23:32:36.032Z] FAILED: openclaw-gateway failed to start
[2026-03-10T23:32:37.529Z] FAILED: memory-monitor failed to start
[2026-03-10T23:32:37.858Z] FAILED: up-platform failed to start
[2026-03-10T23:32:38.048Z] FAILED: guardian-ai failed to start
[2026-03-10T23:32:38.264Z] FAILED: openclaw-gateway failed to start
[2026-03-11T00:05:15.501Z] FAILED: openclaw-gateway failed to start
[2026-03-11T00:05:17.512Z] FAILED: guardian-ai failed to start
[2026-03-11T00:05:17.711Z] FAILED: openclaw-gateway failed to start
[2026-03-11T00:05:19.522Z] FAILED: up-platform failed to start
[2026-03-11T00:05:19.755Z] FAILED: guardian-ai failed to start
[2026-03-11T00:05:20.032Z] FAILED: openclaw-gateway failed to start
[2026-03-11T00:05:21.535Z] FAILED: memory-monitor failed to start
[2026-03-11T00:05:21.767Z] FAILED: up-platform failed to start
[2026-03-11T00:05:22.051Z] FAILED: guardian-ai failed to start
[2026-03-11T00:05:22.353Z] FAILED: openclaw-gateway failed to start
[2026-03-11T00:05:23.782Z] FAILED: memory-monitor failed to start
[2026-03-11T00:05:24.060Z] FAILED: up-platform failed to start
[2026-03-11T00:05:24.370Z] FAILED: guardian-ai failed to start
[2026-03-11T00:05:24.620Z] FAILED: openclaw-gateway failed to start
[2026-03-11T00:05:26.077Z] FAILED: memory-monitor failed to start
[2026-03-11T00:05:26.383Z] FAILED: up-platform failed to start
[2026-03-11T00:05:26.648Z] FAILED: guardian-ai failed to start
[2026-03-11T00:05:27.065Z] FAILED: openclaw-gateway failed to start
[2026-03-11T00:05:28.412Z] FAILED: memory-monitor failed to start
[2026-03-11T00:05:28.672Z] FAILED: up-platform failed to start
[2026-03-11T00:05:29.083Z] FAILED: guardian-ai failed to start
[2026-03-11T00:05:29.388Z] FAILED: openclaw-gateway failed to start
[2026-03-11T00:05:30.693Z] FAILED: memory-monitor failed to start
[2026-03-11T00:05:31.100Z] FAILED: up-platform failed to start
[2026-03-11T00:05:31.406Z] FAILED: guardian-ai failed to start
[2026-03-11T00:05:31.688Z] FAILED: openclaw-gateway failed to start
[2026-03-11T00:05:33.112Z] FAILED: memory-monitor failed to start
[2026-03-11T00:05:33.420Z] FAILED: up-platform failed to start
[2026-03-11T00:05:33.705Z] FAILED: guardian-ai failed to start
[2026-03-11T00:05:33.988Z] FAILED: openclaw-gateway failed to start
[2026-03-11T00:05:35.432Z] FAILED: memory-monitor failed to start
[2026-03-11T00:05:35.722Z] FAILED: up-platform failed to start
[2026-03-11T00:05:36.010Z] FAILED: guardian-ai failed to start
[2026-03-11T00:05:36.276Z] FAILED: openclaw-gateway failed to start
[2026-03-11T00:05:37.740Z] FAILED: memory-monitor failed to start
[2026-03-11T00:05:38.032Z] FAILED: up-platform failed to start
[2026-03-11T00:05:38.297Z] FAILED: guardian-ai failed to start
[2026-03-11T00:05:38.552Z] FAILED: openclaw-gateway failed to start
[2026-03-11T00:05:40.048Z] FAILED: memory-monitor failed to start
[2026-03-11T00:05:40.315Z] FAILED: up-platform failed to start
[2026-03-11T00:05:40.572Z] FAILED: guardian-ai failed to start
[2026-03-11T00:05:40.836Z] FAILED: openclaw-gateway failed to start
[2026-03-11T00:05:42.331Z] FAILED: memory-monitor failed to start
[2026-03-11T00:05:42.587Z] FAILED: up-platform failed to start
[2026-03-11T00:05:42.862Z] FAILED: guardian-ai failed to start
[2026-03-11T00:05:43.221Z] FAILED: openclaw-gateway failed to start
[2026-03-11T00:05:44.599Z] FAILED: memory-monitor failed to start
[2026-03-11T00:05:44.886Z] FAILED: up-platform failed to start
[2026-03-11T00:05:45.239Z] FAILED: guardian-ai failed to start
[2026-03-11T00:05:45.473Z] FAILED: openclaw-gateway failed to start
[2026-03-11T00:05:46.896Z] FAILED: memory-monitor failed to start
[2026-03-11T00:05:47.251Z] FAILED: up-platform failed to start
[2026-03-11T00:05:47.499Z] FAILED: guardian-ai failed to start
[2026-03-11T00:05:47.806Z] FAILED: openclaw-gateway failed to start
[2026-03-11T00:05:49.264Z] FAILED: memory-monitor failed to start
[2026-03-11T00:05:49.516Z] FAILED: up-platform failed to start
[2026-03-11T00:05:49.830Z] FAILED: guardian-ai failed to start
[2026-03-11T00:05:50.119Z] FAILED: openclaw-gateway failed to start
[2026-03-11T00:05:51.531Z] FAILED: memory-monitor failed to start
[2026-03-11T00:05:51.844Z] FAILED: up-platform failed to start
[2026-03-11T00:05:52.130Z] FAILED: guardian-ai failed to start
[2026-03-11T00:05:52.515Z] FAILED: openclaw-gateway failed to start
[2026-03-11T00:05:53.864Z] FAILED: memory-monitor failed to start
[2026-03-11T00:05:54.144Z] FAILED: up-platform failed to start
[2026-03-11T00:05:54.537Z] FAILED: guardian-ai failed to start
[2026-03-11T00:05:54.912Z] FAILED: openclaw-gateway failed to start
[2026-03-11T00:05:56.164Z] FAILED: memory-monitor failed to start
[2026-03-11T00:05:56.556Z] FAILED: up-platform failed to start
[2026-03-11T00:05:56.928Z] FAILED: guardian-ai failed to start
[2026-03-11T00:05:57.231Z] FAILED: openclaw-gateway failed to start
[2026-03-11T00:05:58.584Z] FAILED: memory-monitor failed to start
